<?xml version="1.0" encoding="UTF-8"?>
<!-- Generated by org.testng.reporters.JUnitXMLReporter -->
<testsuite hostname="dustin-PC" ignored="8" name="Movies Test" tests="7" failures="0" timestamp="13 Jan 2018 10:46:30 GMT" time="20.435" errors="0">
  <testcase name="f" time="0.001" classname="DCTestFrameWork_Tests.MoviesContentTest"/>
  <testcase name="FilterByAnimationTest" time="4.24" classname="DCTestFrameWork_Tests.MoviesFilterTest"/>
  <testcase name="FilterByLiveActionAndAnimationTest" time="3.822" classname="DCTestFrameWork_Tests.MoviesFilterTest"/>
  <testcase name="FilterByLiveActionTest" time="3.046" classname="DCTestFrameWork_Tests.MoviesFilterTest"/>
  <testcase name="FilterByLiveActionWithPOMTest" time="2.641" classname="DCTestFrameWork_Tests.MoviesFilterTest"/>
  <testcase name="FilterTest" time="0.0" classname="DCTestFrameWork_Tests.MoviesFilterTest"/>
  <testcase name="f" time="0.0" classname="DCTestFrameWork_Tests.MoviesNavTest"/>
  <testcase name="@BeforeTest beforeTest" time="0.0" classname="DCTestFrameWork_Tests.BaseTest">
    <ignored/>
  </testcase> <!-- @BeforeTest beforeTest -->
  <testcase name="@BeforeTest beforeTest" time="0.0" classname="DCTestFrameWork_Tests.BaseTest">
    <ignored/>
  </testcase> <!-- @BeforeTest beforeTest -->
  <testcase name="@AfterTest afterTest" time="0.0" classname="DCTestFrameWork_Tests.BaseTest">
    <ignored/>
  </testcase> <!-- @AfterTest afterTest -->
  <testcase name="@AfterTest afterTest" time="0.0" classname="DCTestFrameWork_Tests.BaseTest">
    <ignored/>
  </testcase> <!-- @AfterTest afterTest -->
  <testcase name="@BeforeSuite beforeSuite" time="0.0" classname="DCTestFrameWork_Tests.BaseTest">
    <ignored/>
  </testcase> <!-- @BeforeSuite beforeSuite -->
  <testcase name="@BeforeSuite beforeSuite" time="0.0" classname="DCTestFrameWork_Tests.BaseTest">
    <ignored/>
  </testcase> <!-- @BeforeSuite beforeSuite -->
  <testcase name="@AfterSuite afterSuite" time="0.0" classname="DCTestFrameWork_Tests.BaseTest">
    <ignored/>
  </testcase> <!-- @AfterSuite afterSuite -->
  <testcase name="@AfterSuite afterSuite" time="0.0" classname="DCTestFrameWork_Tests.BaseTest">
    <ignored/>
  </testcase> <!-- @AfterSuite afterSuite -->
</testsuite> <!-- Movies Test -->
