<?xml version="1.0" encoding="UTF-8"?>
<!-- Generated by org.testng.reporters.JUnitXMLReporter -->
<testsuite hostname="dustin-PC" ignored="8" name="Movies Test" tests="7" failures="0" timestamp="13 Jan 2018 10:37:47 GMT" time="17.607" errors="0">
  <testcase name="f" time="0.001" classname="DCTestFrameWork_Tests.MoviesContentTest"/>
  <testcase name="FilterByAnimationTest" time="3.595" classname="DCTestFrameWork_Tests.MoviesFilterTest"/>
  <testcase name="FilterByLiveActionAndAnimationTest" time="2.867" classname="DCTestFrameWork_Tests.MoviesFilterTest"/>
  <testcase name="FilterByLiveActionTest" time="2.076" classname="DCTestFrameWork_Tests.MoviesFilterTest"/>
  <testcase name="FilterByLiveActionWithPOMTest" time="2.435" classname="DCTestFrameWork_Tests.MoviesFilterTest"/>
  <testcase name="FilterTest" time="0.0" classname="DCTestFrameWork_Tests.MoviesFilterTest"/>
  <testcase name="f" time="0.0" classname="DCTestFrameWork_Tests.MoviesNavTest"/>
  <testcase name="@BeforeTest beforeTest" time="0.0" classname="DCTestFrameWork_Tests.BaseTest">
    <ignored/>
  </testcase> <!-- @BeforeTest beforeTest -->
  <testcase name="@BeforeTest beforeTest" time="0.0" classname="DCTestFrameWork_Tests.BaseTest">
    <ignored/>
  </testcase> <!-- @BeforeTest beforeTest -->
  <testcase name="@AfterTest afterTest" time="0.0" classname="DCTestFrameWork_Tests.BaseTest">
    <ignored/>
  </testcase> <!-- @AfterTest afterTest -->
  <testcase name="@AfterTest afterTest" time="0.0" classname="DCTestFrameWork_Tests.BaseTest">
    <ignored/>
  </testcase> <!-- @AfterTest afterTest -->
  <testcase name="@BeforeSuite beforeSuite" time="0.0" classname="DCTestFrameWork_Tests.BaseTest">
    <ignored/>
  </testcase> <!-- @BeforeSuite beforeSuite -->
  <testcase name="@BeforeSuite beforeSuite" time="0.0" classname="DCTestFrameWork_Tests.BaseTest">
    <ignored/>
  </testcase> <!-- @BeforeSuite beforeSuite -->
  <testcase name="@AfterSuite afterSuite" time="0.0" classname="DCTestFrameWork_Tests.BaseTest">
    <ignored/>
  </testcase> <!-- @AfterSuite afterSuite -->
  <testcase name="@AfterSuite afterSuite" time="0.0" classname="DCTestFrameWork_Tests.BaseTest">
    <ignored/>
  </testcase> <!-- @AfterSuite afterSuite -->
</testsuite> <!-- Movies Test -->
