<?xml version="1.0" encoding="UTF-8"?>
<!-- Generated by org.testng.reporters.JUnitXMLReporter -->
<testsuite hostname="katya" ignored="12" name="Test" tests="9" failures="0" timestamp="22 Jan 2018 04:04:36 GMT" time="0.48" errors="0">
  <testcase name="@BeforeClass beforeClass" time="0.002" classname="DCTestFrameWork_Tests.BaseTest">
    <failure type="java.lang.NoClassDefFoundError" message="DCTestFrameWork_Lib/Driver">
      <![CDATA[java.lang.NoClassDefFoundError: DCTestFrameWork_Lib/Driverat DCTestFrameWork_Tests.BaseTest.beforeClass(BaseTest.java:28)Caused by: java.lang.ClassNotFoundException: DCTestFrameWork_Lib.Driverat java.net.URLClassLoader.findClass(Unknown Source)at java.lang.ClassLoader.loadClass(Unknown Source)at sun.misc.Launcher$AppClassLoader.loadClass(Unknown Source)at java.lang.ClassLoader.loadClass(Unknown Source)... 27 more... Removed 26 stack frames]]>
    </failure>
  </testcase> <!-- @BeforeClass beforeClass -->
  <testcase name="@BeforeMethod beforeMethod" time="0.0" classname="DCTestFrameWork_Tests.BaseTest">
    <skipped/>
  </testcase> <!-- @BeforeMethod beforeMethod -->
  <testcase name="@AfterMethod afterMethod" time="0.0" classname="DCTestFrameWork_Tests.BaseTest">
    <skipped/>
  </testcase> <!-- @AfterMethod afterMethod -->
  <testcase name="@BeforeClass beforeClass" time="0.0" classname="DCTestFrameWork_Tests.BaseTest">
    <failure type="java.lang.NoClassDefFoundError" message="DCTestFrameWork_Lib/Driver">
      <![CDATA[java.lang.NoClassDefFoundError: DCTestFrameWork_Lib/Driverat DCTestFrameWork_Tests.BaseTest.beforeClass(BaseTest.java:28)... Removed 26 stack frames]]>
    </failure>
  </testcase> <!-- @BeforeClass beforeClass -->
  <testcase name="@BeforeMethod beforeMethod" time="0.0" classname="DCTestFrameWork_Tests.BaseTest">
    <skipped/>
  </testcase> <!-- @BeforeMethod beforeMethod -->
  <testcase name="@AfterMethod afterMethod" time="0.0" classname="DCTestFrameWork_Tests.BaseTest">
    <skipped/>
  </testcase> <!-- @AfterMethod afterMethod -->
  <testcase name="@BeforeMethod beforeMethod" time="0.0" classname="DCTestFrameWork_Tests.BaseTest">
    <skipped/>
  </testcase> <!-- @BeforeMethod beforeMethod -->
  <testcase name="@AfterMethod afterMethod" time="0.0" classname="DCTestFrameWork_Tests.BaseTest">
    <skipped/>
  </testcase> <!-- @AfterMethod afterMethod -->
  <testcase name="@BeforeMethod beforeMethod" time="0.0" classname="DCTestFrameWork_Tests.BaseTest">
    <skipped/>
  </testcase> <!-- @BeforeMethod beforeMethod -->
  <testcase name="@AfterMethod afterMethod" time="0.0" classname="DCTestFrameWork_Tests.BaseTest">
    <skipped/>
  </testcase> <!-- @AfterMethod afterMethod -->
  <testcase name="@BeforeMethod beforeMethod" time="0.0" classname="DCTestFrameWork_Tests.BaseTest">
    <skipped/>
  </testcase> <!-- @BeforeMethod beforeMethod -->
  <testcase name="@AfterMethod afterMethod" time="0.0" classname="DCTestFrameWork_Tests.BaseTest">
    <skipped/>
  </testcase> <!-- @AfterMethod afterMethod -->
  <testcase name="@BeforeMethod beforeMethod" time="0.0" classname="DCTestFrameWork_Tests.BaseTest">
    <skipped/>
  </testcase> <!-- @BeforeMethod beforeMethod -->
  <testcase name="@AfterMethod afterMethod" time="0.0" classname="DCTestFrameWork_Tests.BaseTest">
    <skipped/>
  </testcase> <!-- @AfterMethod afterMethod -->
  <testcase name="@BeforeClass beforeClass" time="0.001" classname="DCTestFrameWork_Tests.BaseTest">
    <failure type="java.lang.NoClassDefFoundError" message="DCTestFrameWork_Lib/Driver">
      <![CDATA[java.lang.NoClassDefFoundError: DCTestFrameWork_Lib/Driverat DCTestFrameWork_Tests.BaseTest.beforeClass(BaseTest.java:28)... Removed 26 stack frames]]>
    </failure>
  </testcase> <!-- @BeforeClass beforeClass -->
  <testcase name="@BeforeMethod beforeMethod" time="0.0" classname="DCTestFrameWork_Tests.BaseTest">
    <skipped/>
  </testcase> <!-- @BeforeMethod beforeMethod -->
  <testcase name="@AfterMethod afterMethod" time="0.0" classname="DCTestFrameWork_Tests.BaseTest">
    <skipped/>
  </testcase> <!-- @AfterMethod afterMethod -->
  <testcase name="@AfterTest afterTest" time="0.0" classname="DCTestFrameWork_Tests.BaseTest">
    <skipped/>
  </testcase> <!-- @AfterTest afterTest -->
  <testcase name="f" time="0.027" classname="DCTestFrameWork_Tests.ComicsTest"/>
  <testcase name="f" time="0.0" classname="DCTestFrameWork_Tests.MoviesContentTest">
    <skipped/>
  </testcase> <!-- f -->
  <testcase name="FilterByAnimationTest" time="0.0" classname="DCTestFrameWork_Tests.MoviesFilterTest">
    <skipped/>
  </testcase> <!-- FilterByAnimationTest -->
  <testcase name="FilterByLiveActionAndAnimationTest" time="0.0" classname="DCTestFrameWork_Tests.MoviesFilterTest">
    <skipped/>
  </testcase> <!-- FilterByLiveActionAndAnimationTest -->
  <testcase name="FilterByLiveActionTest" time="0.0" classname="DCTestFrameWork_Tests.MoviesFilterTest">
    <skipped/>
  </testcase> <!-- FilterByLiveActionTest -->
  <testcase name="FilterByLiveActionWithPOMTest" time="0.0" classname="DCTestFrameWork_Tests.MoviesFilterTest">
    <skipped/>
  </testcase> <!-- FilterByLiveActionWithPOMTest -->
  <testcase name="FilterTest" time="0.0" classname="DCTestFrameWork_Tests.MoviesFilterTest">
    <skipped/>
  </testcase> <!-- FilterTest -->
  <testcase name="f" time="0.0" classname="DCTestFrameWork_Tests.MoviesNavTest">
    <skipped/>
  </testcase> <!-- f -->
  <testcase name="f" time="0.012" classname="DCTestFrameWork_Tests.NewTest"/>
  <testcase name="@BeforeTest beforeTest" time="0.0" classname="DCTestFrameWork_Tests.BaseTest">
    <ignored/>
  </testcase> <!-- @BeforeTest beforeTest -->
  <testcase name="@BeforeTest beforeTest" time="0.0" classname="DCTestFrameWork_Tests.BaseTest">
    <ignored/>
  </testcase> <!-- @BeforeTest beforeTest -->
  <testcase name="@BeforeTest beforeTest" time="0.0" classname="DCTestFrameWork_Tests.BaseTest">
    <ignored/>
  </testcase> <!-- @BeforeTest beforeTest -->
  <testcase name="@AfterTest afterTest" time="0.0" classname="DCTestFrameWork_Tests.BaseTest">
    <ignored/>
  </testcase> <!-- @AfterTest afterTest -->
  <testcase name="@AfterTest afterTest" time="0.0" classname="DCTestFrameWork_Tests.BaseTest">
    <ignored/>
  </testcase> <!-- @AfterTest afterTest -->
  <testcase name="@AfterTest afterTest" time="0.0" classname="DCTestFrameWork_Tests.BaseTest">
    <ignored/>
  </testcase> <!-- @AfterTest afterTest -->
  <testcase name="@BeforeSuite beforeSuite" time="0.0" classname="DCTestFrameWork_Tests.BaseTest">
    <ignored/>
  </testcase> <!-- @BeforeSuite beforeSuite -->
  <testcase name="@BeforeSuite beforeSuite" time="0.0" classname="DCTestFrameWork_Tests.BaseTest">
    <ignored/>
  </testcase> <!-- @BeforeSuite beforeSuite -->
  <testcase name="@BeforeSuite beforeSuite" time="0.0" classname="DCTestFrameWork_Tests.BaseTest">
    <ignored/>
  </testcase> <!-- @BeforeSuite beforeSuite -->
  <testcase name="@AfterSuite afterSuite" time="0.0" classname="DCTestFrameWork_Tests.BaseTest">
    <ignored/>
  </testcase> <!-- @AfterSuite afterSuite -->
  <testcase name="@AfterSuite afterSuite" time="0.0" classname="DCTestFrameWork_Tests.BaseTest">
    <ignored/>
  </testcase> <!-- @AfterSuite afterSuite -->
  <testcase name="@AfterSuite afterSuite" time="0.0" classname="DCTestFrameWork_Tests.BaseTest">
    <ignored/>
  </testcase> <!-- @AfterSuite afterSuite -->
</testsuite> <!-- Test -->
