<?xml version="1.0" encoding="UTF-8"?>
<!-- Generated by org.testng.reporters.JUnitXMLReporter -->
<testsuite hostname="dustin-PC" ignored="4" name="Test" tests="1" failures="0" timestamp="09 Jan 2018 18:24:30 GMT" time="9.982" errors="0">
  <testcase name="f" time="6.351" classname="DCTestFrameWork_Tests.RegressionTest"/>
  <testcase name="@BeforeTest beforeTest" time="0.0" classname="DCTestFrameWork_Tests.BaseTest">
    <ignored/>
  </testcase> <!-- @BeforeTest beforeTest -->
  <testcase name="@AfterTest afterTest" time="0.0" classname="DCTestFrameWork_Tests.BaseTest">
    <ignored/>
  </testcase> <!-- @AfterTest afterTest -->
  <testcase name="@BeforeSuite beforeSuite" time="0.0" classname="DCTestFrameWork_Tests.BaseTest">
    <ignored/>
  </testcase> <!-- @BeforeSuite beforeSuite -->
  <testcase name="@AfterSuite afterSuite" time="0.0" classname="DCTestFrameWork_Tests.BaseTest">
    <ignored/>
  </testcase> <!-- @AfterSuite afterSuite -->
</testsuite> <!-- Test -->
