<?xml version="1.0" encoding="UTF-8"?>
<!-- Generated by org.testng.reporters.JUnitXMLReporter -->
<testsuite hostname="dustin-PC" ignored="12" name="Test" tests="8" failures="0" timestamp="13 Jan 2018 10:03:40 GMT" time="18.399" errors="0">
  <testcase name="f" time="0.0" classname="DCTestFrameWork_Tests.ComicsTests"/>
  <testcase name="f" time="0.001" classname="DCTestFrameWork_Tests.MoviesContentTests"/>
  <testcase name="FilterByAnimationTest" time="3.77" classname="DCTestFrameWork_Tests.MoviesFilterTests"/>
  <testcase name="FilterByLiveActionAndAnimationTest" time="3.705" classname="DCTestFrameWork_Tests.MoviesFilterTests"/>
  <testcase name="FilterByLiveActionTest" time="2.206" classname="DCTestFrameWork_Tests.MoviesFilterTests"/>
  <testcase name="FilterByLiveActionWithPOMTest" time="2.05" classname="DCTestFrameWork_Tests.MoviesFilterTests"/>
  <testcase name="FilterTest" time="0.0" classname="DCTestFrameWork_Tests.MoviesFilterTests"/>
  <testcase name="f" time="0.0" classname="DCTestFrameWork_Tests.MoviesNavTests"/>
  <testcase name="@BeforeTest beforeTest" time="0.0" classname="DCTestFrameWork_Tests.BaseTest">
    <ignored/>
  </testcase> <!-- @BeforeTest beforeTest -->
  <testcase name="@BeforeTest beforeTest" time="0.0" classname="DCTestFrameWork_Tests.BaseTest">
    <ignored/>
  </testcase> <!-- @BeforeTest beforeTest -->
  <testcase name="@BeforeTest beforeTest" time="0.0" classname="DCTestFrameWork_Tests.BaseTest">
    <ignored/>
  </testcase> <!-- @BeforeTest beforeTest -->
  <testcase name="@AfterTest afterTest" time="0.0" classname="DCTestFrameWork_Tests.BaseTest">
    <ignored/>
  </testcase> <!-- @AfterTest afterTest -->
  <testcase name="@AfterTest afterTest" time="0.0" classname="DCTestFrameWork_Tests.BaseTest">
    <ignored/>
  </testcase> <!-- @AfterTest afterTest -->
  <testcase name="@AfterTest afterTest" time="0.0" classname="DCTestFrameWork_Tests.BaseTest">
    <ignored/>
  </testcase> <!-- @AfterTest afterTest -->
  <testcase name="@BeforeSuite beforeSuite" time="0.0" classname="DCTestFrameWork_Tests.BaseTest">
    <ignored/>
  </testcase> <!-- @BeforeSuite beforeSuite -->
  <testcase name="@BeforeSuite beforeSuite" time="0.0" classname="DCTestFrameWork_Tests.BaseTest">
    <ignored/>
  </testcase> <!-- @BeforeSuite beforeSuite -->
  <testcase name="@BeforeSuite beforeSuite" time="0.0" classname="DCTestFrameWork_Tests.BaseTest">
    <ignored/>
  </testcase> <!-- @BeforeSuite beforeSuite -->
  <testcase name="@AfterSuite afterSuite" time="0.0" classname="DCTestFrameWork_Tests.BaseTest">
    <ignored/>
  </testcase> <!-- @AfterSuite afterSuite -->
  <testcase name="@AfterSuite afterSuite" time="0.0" classname="DCTestFrameWork_Tests.BaseTest">
    <ignored/>
  </testcase> <!-- @AfterSuite afterSuite -->
  <testcase name="@AfterSuite afterSuite" time="0.0" classname="DCTestFrameWork_Tests.BaseTest">
    <ignored/>
  </testcase> <!-- @AfterSuite afterSuite -->
</testsuite> <!-- Test -->
