<?xml version="1.0" encoding="UTF-8"?>
<testsuite xmlns:xsi="http://www.w3.org/2001/XMLSchema-instance" xsi:noNamespaceSchemaLocation="https://maven.apache.org/surefire/maven-surefire-plugin/xsd/surefire-test-report.xsd" name="TestSuite" time="18.097" tests="7" errors="0" skipped="0" failures="0">
  <properties>
[...]
</properties>
  <testcase name="f" classname="DCTestFrameWork_Tests.MoviesContentTest" time="0.002"/>
  <testcase name="FilterByAnimationTest" classname="DCTestFrameWork_Tests.MoviesFilterTest" time="3.596"/>
  <testcase name="FilterByLiveActionAndAnimationTest" classname="DCTestFrameWork_Tests.MoviesFilterTest" time="2.866"/>
  <testcase name="FilterByLiveActionTest" classname="DCTestFrameWork_Tests.MoviesFilterTest" time="2.075"/>
  <testcase name="FilterByLiveActionWithPOMTest" classname="DCTestFrameWork_Tests.MoviesFilterTest" time="2.435"/>
  <testcase name="FilterTest" classname="DCTestFrameWork_Tests.MoviesFilterTest" time="0"/>
  <testcase name="f" classname="DCTestFrameWork_Tests.MoviesNavTest" time="0"/>
</testsuite>